<?xml version="1.0" encoding="UTF-8"?>
<!-- Generated by org.testng.reporters.JUnitReportReporter -->
<testsuite skipped="1" hostname="sakhashaik-ThinkPad-T450" name="com.Tests.Registration" tests="2" failures="0" timestamp="2019-11-27T16:25:43 IST" time="-1574852096.000" errors="1">
  <testcase name="setup1" time="-1574852096.000" classname="com.Tests.Registration">
    <error type="org.testng.TestNGException" message="
Parameter &#039;tc_id&#039; is required by BeforeTest on method setup1 but has not been marked @Optional or defined
in /tmp/testng-eclipse--657606366/testng-customsuite.xml">
      <![CDATA[org.testng.TestNGException: 
Parameter 'tc_id' is required by BeforeTest on method setup1 but has not been marked @Optional or defined
in /tmp/testng-eclipse--657606366/testng-customsuite.xml
at org.testng.internal.Parameters.createParams(Parameters.java:289)
at org.testng.internal.Parameters.createParametersForMethod(Parameters.java:377)
at org.testng.internal.Parameters.createParameters(Parameters.java:721)
at org.testng.internal.Parameters.createConfigurationParameters(Parameters.java:164)
at org.testng.internal.ConfigInvoker.invokeConfigurations(ConfigInvoker.java:275)
at org.testng.TestRunner.invokeTestConfigurations(TestRunner.java:623)
at org.testng.TestRunner.beforeRun(TestRunner.java:613)
at org.testng.TestRunner.run(TestRunner.java:584)
at org.testng.SuiteRunner.runTest(SuiteRunner.java:402)
at org.testng.SuiteRunner.runSequentially(SuiteRunner.java:396)
at org.testng.SuiteRunner.privateRun(SuiteRunner.java:355)
at org.testng.SuiteRunner.run(SuiteRunner.java:304)
at org.testng.SuiteRunnerWorker.runSuite(SuiteRunnerWorker.java:53)
at org.testng.SuiteRunnerWorker.run(SuiteRunnerWorker.java:96)
at org.testng.TestNG.runSuitesSequentially(TestNG.java:1180)
at org.testng.TestNG.runSuitesLocally(TestNG.java:1102)
at org.testng.TestNG.runSuites(TestNG.java:1032)
at org.testng.TestNG.run(TestNG.java:1000)
at org.testng.remote.AbstractRemoteTestNG.run(AbstractRemoteTestNG.java:115)
at org.testng.remote.RemoteTestNG.initAndRun(RemoteTestNG.java:251)
at org.testng.remote.RemoteTestNG.main(RemoteTestNG.java:77)
]]>
    </error>
  </testcase> <!-- setup1 -->
  <testcase name="test" time="0.000" classname="com.Tests.Registration">
    <skipped/>
  </testcase> <!-- test -->
</testsuite> <!-- com.Tests.Registration -->
