<?xml version="1.0" encoding="UTF-8"?>
<!-- Generated by org.testng.reporters.JUnitXMLReporter -->
<testsuite hostname="sakhashaik-ThinkPad-T450" ignored="0" name="Test1" tests="2" failures="1" timestamp="07 Oct 2019 11:08:40 GMT" time="2.147" errors="0">
  <testcase name="@BeforeTest beforeTest" time="0.0" classname="sample.TestApp">
    <failure type="org.testng.TestNGException" message="
Can inject only one of &amp;lt;ITestContext, XmlTest&amp;gt; into a @BeforeTest annotated beforeTest.
For more information on native dependency injection please refer to http://testng.org/doc/documentation-main.html#native-dependency-injection">
      <![CDATA[org.testng.TestNGException: 
Can inject only one of <ITestContext, XmlTest> into a @BeforeTest annotated beforeTest.
For more information on native dependency injection please refer to http://testng.org/doc/documentation-main.html#native-dependency-injection
	at java.util.concurrent.FutureTask.run(FutureTask.java:266)
	at java.util.concurrent.ThreadPoolExecutor.runWorker(ThreadPoolExecutor.java:1149)
	at java.util.concurrent.ThreadPoolExecutor$Worker.run(ThreadPoolExecutor.java:624)
	at java.lang.Thread.run(Thread.java:748)
... Removed 12 stack frames]]>
    </failure>
  </testcase> <!-- @BeforeTest beforeTest -->
  <testcase name="@AfterTest afterTest" time="0.0" classname="sample.TestApp">
    <skipped/>
  </testcase> <!-- @AfterTest afterTest -->
  <testcase name="testMercuryTours" time="0.001" classname="sample.TestApp">
    <skipped/>
  </testcase> <!-- testMercuryTours -->
  <testcase name="testMercuryTours" time="0.093" classname="sample.TestApp">
    <failure type="java.lang.NullPointerException">
      <![CDATA[java.lang.NullPointerException
	at sample.MyListener.onTestSkipped(MyListener.java:59)
	at java.util.concurrent.FutureTask.run(FutureTask.java:266)
	at java.util.concurrent.ThreadPoolExecutor.runWorker(ThreadPoolExecutor.java:1149)
	at java.util.concurrent.ThreadPoolExecutor$Worker.run(ThreadPoolExecutor.java:624)
	at java.lang.Thread.run(Thread.java:748)
... Removed 14 stack frames]]>
    </failure>
  </testcase> <!-- testMercuryTours -->
</testsuite> <!-- Test1 -->
